<?xml version="1.0" encoding="UTF-8"?>
<testng-results ignored="0" total="2" passed="2" failed="0" skipped="0">
  <reporter-output>
  </reporter-output>
  <suite started-at="2023-08-29T14:31:41 IST" name="Default suite" finished-at="2023-08-29T14:32:52 IST" duration-ms="70573">
    <groups>
    </groups>
    <test started-at="2023-08-29T14:31:41 IST" name="Default test" finished-at="2023-08-29T14:32:52 IST" duration-ms="70573">
      <class name="SeleniumUI.MainSelenium">
        <test-method is-config="true" signature="beforeSuite()[pri:0, instance:SeleniumUI.MainSelenium@710f4dc7]" started-at="2023-08-29T14:31:41 IST" name="beforeSuite" finished-at="2023-08-29T14:31:41 IST" duration-ms="312" status="PASS">
          <reporter-output>
          </reporter-output>
        </test-method> <!-- beforeSuite -->
        <test-method is-config="true" signature="beforeTest()[pri:0, instance:SeleniumUI.MainSelenium@710f4dc7]" started-at="2023-08-29T14:31:41 IST" name="beforeTest" finished-at="2023-08-29T14:31:41 IST" duration-ms="0" status="PASS">
          <reporter-output>
          </reporter-output>
        </test-method> <!-- beforeTest -->
        <test-method is-config="true" signature="beforeClass()[pri:0, instance:SeleniumUI.MainSelenium@710f4dc7]" started-at="2023-08-29T14:31:41 IST" name="beforeClass" finished-at="2023-08-29T14:31:41 IST" duration-ms="1" status="PASS">
          <reporter-output>
          </reporter-output>
        </test-method> <!-- beforeClass -->
        <test-method is-config="true" signature="beforeMethod()[pri:0, instance:SeleniumUI.MainSelenium@710f4dc7]" started-at="2023-08-29T14:31:42 IST" name="beforeMethod" finished-at="2023-08-29T14:31:44 IST" duration-ms="2167" status="PASS">
          <reporter-output>
          </reporter-output>
        </test-method> <!-- beforeMethod -->
        <test-method signature="assessment(java.lang.String,java.lang.String,java.lang.String,java.lang.String,java.lang.String)[pri:0, instance:SeleniumUI.MainSelenium@710f4dc7]" started-at="2023-08-29T14:31:44 IST" name="assessment" data-provider="dp" finished-at="2023-08-29T14:32:17 IST" duration-ms="32945" status="PASS">
          <params>
            <param index="0">
              <value>
                <![CDATA[standard_user]]>
              </value>
            </param>
            <param index="1">
              <value>
                <![CDATA[secret_sauce]]>
              </value>
            </param>
            <param index="2">
              <value>
                <![CDATA[Virat]]>
              </value>
            </param>
            <param index="3">
              <value>
                <![CDATA[Kohli]]>
              </value>
            </param>
            <param index="4">
              <value>
                <![CDATA[561234]]>
              </value>
            </param>
          </params>
          <reporter-output>
          </reporter-output>
        </test-method> <!-- assessment -->
        <test-method is-config="true" signature="afterMethod()[pri:0, instance:SeleniumUI.MainSelenium@710f4dc7]" started-at="2023-08-29T14:32:17 IST" name="afterMethod" finished-at="2023-08-29T14:32:18 IST" duration-ms="675" status="PASS">
          <reporter-output>
          </reporter-output>
        </test-method> <!-- afterMethod -->
        <test-method is-config="true" signature="beforeMethod()[pri:0, instance:SeleniumUI.MainSelenium@710f4dc7]" started-at="2023-08-29T14:32:18 IST" name="beforeMethod" finished-at="2023-08-29T14:32:19 IST" duration-ms="896" status="PASS">
          <reporter-output>
          </reporter-output>
        </test-method> <!-- beforeMethod -->
        <test-method signature="assessment(java.lang.String,java.lang.String,java.lang.String,java.lang.String,java.lang.String)[pri:0, instance:SeleniumUI.MainSelenium@710f4dc7]" started-at="2023-08-29T14:32:19 IST" name="assessment" data-provider="dp" finished-at="2023-08-29T14:32:52 IST" duration-ms="32761" status="PASS">
          <params>
            <param index="0">
              <value>
                <![CDATA[standard_user]]>
              </value>
            </param>
            <param index="1">
              <value>
                <![CDATA[secret_sauce]]>
              </value>
            </param>
            <param index="2">
              <value>
                <![CDATA[Rohit]]>
              </value>
            </param>
            <param index="3">
              <value>
                <![CDATA[Sharma]]>
              </value>
            </param>
            <param index="4">
              <value>
                <![CDATA[564321]]>
              </value>
            </param>
          </params>
          <reporter-output>
          </reporter-output>
        </test-method> <!-- assessment -->
        <test-method is-config="true" signature="afterMethod()[pri:0, instance:SeleniumUI.MainSelenium@710f4dc7]" started-at="2023-08-29T14:32:52 IST" name="afterMethod" finished-at="2023-08-29T14:32:52 IST" duration-ms="290" status="PASS">
          <reporter-output>
          </reporter-output>
        </test-method> <!-- afterMethod -->
        <test-method is-config="true" signature="afterClass()[pri:0, instance:SeleniumUI.MainSelenium@710f4dc7]" started-at="2023-08-29T14:32:52 IST" name="afterClass" finished-at="2023-08-29T14:32:52 IST" duration-ms="1" status="PASS">
          <reporter-output>
          </reporter-output>
        </test-method> <!-- afterClass -->
        <test-method is-config="true" signature="afterTest()[pri:0, instance:SeleniumUI.MainSelenium@710f4dc7]" started-at="2023-08-29T14:32:52 IST" name="afterTest" finished-at="2023-08-29T14:32:52 IST" duration-ms="0" status="PASS">
          <reporter-output>
          </reporter-output>
        </test-method> <!-- afterTest -->
        <test-method is-config="true" signature="afterSuite()[pri:0, instance:SeleniumUI.MainSelenium@710f4dc7]" started-at="2023-08-29T14:32:52 IST" name="afterSuite" finished-at="2023-08-29T14:32:52 IST" duration-ms="0" status="PASS">
          <reporter-output>
          </reporter-output>
        </test-method> <!-- afterSuite -->
      </class> <!-- SeleniumUI.MainSelenium -->
    </test> <!-- Default test -->
  </suite> <!-- Default suite -->
</testng-results>
